[12:50:02] [ServerMain/INFO]: Environment: authHost='https://authserver.mojang.com', accountsHost='https://api.mojang.com', sessionHost='https://sessionserver.mojang.com', servicesHost='https://api.minecraftservices.com', name='PROD'
[12:50:04] [ServerMain/WARN]: Ambiguity between arguments [teleport, location] and [teleport, destination] with inputs: [0.1 -0.5 .9, 0 0 0]
[12:50:04] [ServerMain/WARN]: Ambiguity between arguments [teleport, location] and [teleport, targets] with inputs: [0.1 -0.5 .9, 0 0 0]
[12:50:04] [ServerMain/WARN]: Ambiguity between arguments [teleport, destination] and [teleport, targets] with inputs: [Player, 0123, @e, dd12be42-52a9-4a91-a8a1-11c01849e498]
[12:50:04] [ServerMain/WARN]: Ambiguity between arguments [teleport, targets] and [teleport, destination] with inputs: [Player, 0123, dd12be42-52a9-4a91-a8a1-11c01849e498]
[12:50:04] [ServerMain/WARN]: Ambiguity between arguments [teleport, targets, location] and [teleport, targets, destination] with inputs: [0.1 -0.5 .9, 0 0 0]
[12:50:04] [Worker-Main-14/INFO]: Loaded 7 recipes
[12:50:05] [Worker-Main-14/INFO]: Loaded 1141 advancements
[12:50:06] [Server thread/INFO]: Starting minecraft server version 1.18.2
[12:50:06] [Server thread/INFO]: Loading properties
[12:50:06] [Server thread/INFO]: Default game type: SURVIVAL
[12:50:06] [Server thread/INFO]: Generating keypair
[12:50:06] [Server thread/INFO]: Starting Minecraft server on 192.168.1.159:25565
[12:50:06] [Server thread/INFO]: Using default channel type
[12:50:06] [Server thread/INFO]: Preparing level "world"
[12:50:07] [Server thread/INFO]: Preparing start region for dimension minecraft:overworld
[12:50:08] [Worker-Main-16/INFO]: Preparing spawn area: 0%
[12:50:08] [Worker-Main-15/INFO]: Preparing spawn area: 0%
[12:50:08] [Worker-Main-13/INFO]: Preparing spawn area: 0%
[12:50:08] [Worker-Main-17/INFO]: Preparing spawn area: 0%
[12:50:09] [Worker-Main-13/INFO]: Preparing spawn area: 0%
[12:50:09] [Worker-Main-13/INFO]: Preparing spawn area: 0%
[12:50:10] [Worker-Main-20/INFO]: Preparing spawn area: 4%
[12:50:10] [Worker-Main-13/INFO]: Preparing spawn area: 16%
[12:50:11] [Worker-Main-21/INFO]: Preparing spawn area: 40%
[12:50:11] [Server thread/INFO]: Time elapsed: 4699 ms
[12:50:11] [Server thread/INFO]: Done (4.798s)! For help, type "help"
[12:50:18] [User Authenticator #1/INFO]: UUID of player unrake is e29e2e07-9e7c-4795-8a0e-642e380b234d
[12:50:19] [Server thread/INFO]: unrake[/89.160.83.93:62954] logged in with entity id 132 at (-72.69900901083464, 71.0, 64.1080890318708)
[12:50:19] [Server thread/INFO]: unrake joined the game
[12:50:43] [Server thread/INFO]: unrake lost connection: Disconnected
[12:50:43] [Server thread/INFO]: unrake left the game
[12:50:50] [Server thread/INFO]: Stopping the server
[12:50:50] [Server thread/INFO]: Stopping server
[12:50:50] [Server thread/INFO]: Saving players
[12:50:50] [Server thread/INFO]: Saving worlds
[12:50:51] [Server thread/INFO]: Saving chunks for level 'ServerLevel[world]'/minecraft:overworld
[12:50:51] [Server thread/INFO]: Saving chunks for level 'ServerLevel[world]'/minecraft:the_end
[12:50:51] [Server thread/INFO]: Saving chunks for level 'ServerLevel[world]'/minecraft:the_nether
[12:50:51] [Server thread/INFO]: ThreadedAnvilChunkStorage (world): All chunks are saved
[12:50:51] [Server thread/INFO]: ThreadedAnvilChunkStorage (DIM1): All chunks are saved
[12:50:51] [Server thread/INFO]: ThreadedAnvilChunkStorage (DIM-1): All chunks are saved
[12:50:51] [Server thread/INFO]: ThreadedAnvilChunkStorage: All dimensions are saved
